<?xml version="1.0" encoding="UTF-8" ?>
<testsuite tests="31" failures="0" name="edu.yu.cs.com1320.project.stage5.DocumentStoreImplTest" time="1.141" errors="0" skipped="0">
  <properties>
[...]
</properties>
  <testcase classname="edu.yu.cs.com1320.project.stage5.DocumentStoreImplTest" name="stage3DeleteAllWithPrefix" time="0.734"/>
  <testcase classname="edu.yu.cs.com1320.project.stage5.DocumentStoreImplTest" name="stage3SearchPDFs" time="0"/>
  <testcase classname="edu.yu.cs.com1320.project.stage5.DocumentStoreImplTest" name="stage4TestUpdateDocLastUseTimeOnSearchPDFs" time="0.016"/>
  <testcase classname="edu.yu.cs.com1320.project.stage5.DocumentStoreImplTest" name="stage4TestUpdateDocLastUseTimeOnSearch" time="0.016"/>
  <testcase classname="edu.yu.cs.com1320.project.stage5.DocumentStoreImplTest" name="stage5PushToDiskViaMaxDocCount" time="0.078"/>
  <testcase classname="edu.yu.cs.com1320.project.stage5.DocumentStoreImplTest" name="stage3SearchByPrefix" time="0"/>
  <testcase classname="edu.yu.cs.com1320.project.stage5.DocumentStoreImplTest" name="testPutPdfDocumentNoPreviousDocAtURI" time="0.015"/>
  <testcase classname="edu.yu.cs.com1320.project.stage5.DocumentStoreImplTest" name="stage3TestSearchByKeyword" time="0.016"/>
  <testcase classname="edu.yu.cs.com1320.project.stage5.DocumentStoreImplTest" name="stage4TestNoUpdateDocLastUseTimeOnProtectedGet" time="0.016"/>
  <testcase classname="edu.yu.cs.com1320.project.stage5.DocumentStoreImplTest" name="stage4TestUpdateDocLastUseTimeOnSearchByPrefix" time="0"/>
  <testcase classname="edu.yu.cs.com1320.project.stage5.DocumentStoreImplTest" name="testPutNewVersionOfDocumentPdf" time="0.015"/>
  <testcase classname="edu.yu.cs.com1320.project.stage5.DocumentStoreImplTest" name="testPutNewVersionOfDocumentTxt" time="0"/>
  <testcase classname="edu.yu.cs.com1320.project.stage5.DocumentStoreImplTest" name="testGetTxtDocAsPdf" time="0.016"/>
  <testcase classname="edu.yu.cs.com1320.project.stage5.DocumentStoreImplTest" name="testGetTxtDocAsTxt" time="0"/>
  <testcase classname="edu.yu.cs.com1320.project.stage5.DocumentStoreImplTest" name="stage4TestUpdateDocLastUseTimeOnSearchPDFsByPrefix" time="0"/>
  <testcase classname="edu.yu.cs.com1320.project.stage5.DocumentStoreImplTest" name="stage3DeleteAll" time="0.015"/>
  <testcase classname="edu.yu.cs.com1320.project.stage5.DocumentStoreImplTest" name="stage4TestUpdateDocLastUseTimeOnPut" time="0"/>
  <testcase classname="edu.yu.cs.com1320.project.stage5.DocumentStoreImplTest" name="stage3TestDeleteAllByKeyword" time="0.016"/>
  <testcase classname="edu.yu.cs.com1320.project.stage5.DocumentStoreImplTest" name="testDeleteDoc" time="0.016"/>
  <testcase classname="edu.yu.cs.com1320.project.stage5.DocumentStoreImplTest" name="stage5PushToDiskViaMaxDocCountBringBackInViaDelete" time="0.015"/>
  <testcase classname="edu.yu.cs.com1320.project.stage5.DocumentStoreImplTest" name="testDeleteDocReturnValue" time="0"/>
  <testcase classname="edu.yu.cs.com1320.project.stage5.DocumentStoreImplTest" name="stage5PushToDiskViaMaxDocCountViaUndoDelete" time="0.016"/>
  <testcase classname="edu.yu.cs.com1320.project.stage5.DocumentStoreImplTest" name="stage3TestSearchByPrefix" time="0.094"/>
  <testcase classname="edu.yu.cs.com1320.project.stage5.DocumentStoreImplTest" name="stage3SearchPDFsByPrefix" time="0.015"/>
  <testcase classname="edu.yu.cs.com1320.project.stage5.DocumentStoreImplTest" name="stage4TestUpdateDocLastUseTimeOnOverwrite" time="0"/>
  <testcase classname="edu.yu.cs.com1320.project.stage5.DocumentStoreImplTest" name="stage3Search" time="0"/>
  <testcase classname="edu.yu.cs.com1320.project.stage5.DocumentStoreImplTest" name="testPutTxtDocumentNoPreviousDocAtURI" time="0"/>
  <testcase classname="edu.yu.cs.com1320.project.stage5.DocumentStoreImplTest" name="testGetPdfDocAsPdf" time="0.016"/>
  <testcase classname="edu.yu.cs.com1320.project.stage5.DocumentStoreImplTest" name="testGetPdfDocAsTxt" time="0"/>
  <testcase classname="edu.yu.cs.com1320.project.stage5.DocumentStoreImplTest" name="stage3TestDeleteAllByPrefix" time="0.016"/>
  <testcase classname="edu.yu.cs.com1320.project.stage5.DocumentStoreImplTest" name="testPutDocumentWithNullArguments" time="0"/>
</testsuite>